[2026-04-02T07:45:52.029Z] ═══ CONCORD MIGRATION START ═══
[2026-04-02T07:45:52.063Z] ✓ Source DB connected
[2026-04-02T07:45:52.280Z] ✓ Destination DB connected
[2026-04-02T07:45:52.282Z] ── Categories...
[2026-04-02T07:45:53.403Z]    ✓ 28 categories
[2026-04-02T07:45:53.404Z] ── Authors... skipped (news_users not in backup)
[2026-04-02T07:45:53.451Z]    ✓ Default author "News Team" created
[2026-04-02T07:45:53.452Z] ── Articles...
[2026-04-02T07:45:53.470Z]    Total: 17722
[2026-04-02T07:46:05.221Z]    Progress: 100/17722 — ok:100 fail:0
[2026-04-02T07:46:21.195Z]    Progress: 200/17722 — ok:200 fail:0
[2026-04-02T07:46:35.876Z]    Progress: 300/17722 — ok:300 fail:0
[2026-04-02T07:46:47.839Z]    Progress: 400/17722 — ok:400 fail:0
[2026-04-02T07:46:58.920Z]    Progress: 500/17722 — ok:500 fail:0
[2026-04-02T07:47:09.866Z]    Progress: 600/17722 — ok:600 fail:0
[2026-04-02T07:47:21.041Z]    Progress: 700/17722 — ok:700 fail:0
[2026-04-02T07:47:31.870Z]    Progress: 800/17722 — ok:800 fail:0
[2026-04-02T07:47:42.673Z]    Progress: 900/17722 — ok:900 fail:0
[2026-04-02T07:47:53.584Z]    Progress: 1000/17722 — ok:1000 fail:0
[2026-04-02T07:48:05.280Z]    Progress: 1100/17722 — ok:1100 fail:0
[2026-04-02T07:48:20.635Z]    Progress: 1200/17722 — ok:1200 fail:0
[2026-04-02T07:48:32.565Z]    Progress: 1300/17722 — ok:1300 fail:0
[2026-04-02T07:48:46.648Z]    Progress: 1400/17722 — ok:1400 fail:0
[2026-04-02T07:48:58.346Z]    Progress: 1500/17722 — ok:1500 fail:0
[2026-04-02T07:49:09.355Z]    Progress: 1600/17722 — ok:1600 fail:0
[2026-04-02T07:49:20.313Z]    Progress: 1700/17722 — ok:1700 fail:0
[2026-04-02T07:49:31.394Z]    Progress: 1800/17722 — ok:1800 fail:0
[2026-04-02T07:49:42.426Z]    Progress: 1900/17722 — ok:1900 fail:0
[2026-04-02T07:49:53.890Z]    Progress: 2000/17722 — ok:2000 fail:0
[2026-04-02T07:50:07.342Z]    Progress: 2100/17722 — ok:2100 fail:0
[2026-04-02T07:50:23.418Z]    Progress: 2200/17722 — ok:2200 fail:0
[2026-04-02T07:50:36.472Z]    Progress: 2300/17722 — ok:2300 fail:0
[2026-04-02T07:50:48.067Z]    Progress: 2400/17722 — ok:2400 fail:0
[2026-04-02T07:50:59.307Z]    Progress: 2500/17722 — ok:2500 fail:0
[2026-04-02T07:51:11.425Z]    Progress: 2600/17722 — ok:2600 fail:0
[2026-04-02T07:51:22.704Z]    Progress: 2700/17722 — ok:2700 fail:0
[2026-04-02T07:51:36.911Z]    Progress: 2800/17722 — ok:2800 fail:0
[2026-04-02T07:51:55.554Z]    Progress: 2900/17722 — ok:2900 fail:0
[2026-04-02T07:52:07.870Z]    Progress: 3000/17722 — ok:3000 fail:0
[2026-04-02T07:52:21.537Z]    Progress: 3100/17722 — ok:3100 fail:0
[2026-04-02T07:52:32.851Z]    Progress: 3200/17722 — ok:3200 fail:0
[2026-04-02T07:52:44.075Z]    Progress: 3300/17722 — ok:3300 fail:0
[2026-04-02T07:52:55.955Z]    Progress: 3400/17722 — ok:3400 fail:0
[2026-04-02T07:53:12.971Z]    Progress: 3500/17722 — ok:3500 fail:0
[2026-04-02T07:53:24.007Z]    Progress: 3600/17722 — ok:3600 fail:0
[2026-04-02T07:53:35.181Z]    Progress: 3700/17722 — ok:3700 fail:0
[2026-04-02T07:53:46.634Z]    Progress: 3800/17722 — ok:3800 fail:0
[2026-04-02T07:53:59.717Z]    Progress: 3900/17722 — ok:3900 fail:0
[2026-04-02T07:54:14.005Z]    Progress: 4000/17722 — ok:4000 fail:0
[2026-04-02T07:54:32.498Z]    Progress: 4100/17722 — ok:4100 fail:0
[2026-04-02T07:54:44.951Z]    Progress: 4200/17722 — ok:4200 fail:0
[2026-04-02T07:54:58.732Z]    Progress: 4300/17722 — ok:4300 fail:0
[2026-04-02T07:55:10.581Z]    Progress: 4400/17722 — ok:4400 fail:0
[2026-04-02T07:55:21.639Z]    Progress: 4500/17722 — ok:4500 fail:0
[2026-04-02T07:55:33.204Z]    Progress: 4600/17722 — ok:4600 fail:0
[2026-04-02T07:55:44.794Z]    Progress: 4700/17722 — ok:4700 fail:0
[2026-04-02T07:55:58.216Z]    Progress: 4800/17722 — ok:4800 fail:0
[2026-04-02T07:56:09.338Z]    Progress: 4900/17722 — ok:4900 fail:0
[2026-04-02T07:56:23.638Z]    Progress: 5000/17722 — ok:5000 fail:0
[2026-04-02T07:56:34.869Z]    Progress: 5100/17722 — ok:5100 fail:0
[2026-04-02T07:56:46.165Z]    Progress: 5200/17722 — ok:5200 fail:0
[2026-04-02T07:56:57.839Z]    Progress: 5300/17722 — ok:5300 fail:0
[2026-04-02T07:57:09.933Z]    Progress: 5400/17722 — ok:5400 fail:0
[2026-04-02T07:57:21.517Z]    Progress: 5500/17722 — ok:5500 fail:0
[2026-04-02T07:57:33.200Z]    Progress: 5600/17722 — ok:5600 fail:0
[2026-04-02T07:57:44.731Z]    Progress: 5700/17722 — ok:5700 fail:0
[2026-04-02T07:57:56.130Z]    Progress: 5800/17722 — ok:5800 fail:0
[2026-04-02T07:58:07.353Z]    Progress: 5900/17722 — ok:5900 fail:0
[2026-04-02T07:58:22.068Z]    Progress: 6000/17722 — ok:6000 fail:0
[2026-04-02T07:58:33.586Z]    Progress: 6100/17722 — ok:6100 fail:0
[2026-04-02T07:58:44.936Z]    Progress: 6200/17722 — ok:6200 fail:0
[2026-04-02T07:58:56.345Z]    Progress: 6300/17722 — ok:6300 fail:0
[2026-04-02T07:59:08.254Z]    Progress: 6400/17722 — ok:6400 fail:0
[2026-04-02T07:59:20.488Z]    Progress: 6500/17722 — ok:6500 fail:0
[2026-04-02T07:59:32.351Z]    Progress: 6600/17722 — ok:6600 fail:0
[2026-04-02T07:59:43.912Z]    Progress: 6700/17722 — ok:6700 fail:0
[2026-04-02T07:59:55.253Z]    Progress: 6800/17722 — ok:6800 fail:0
[2026-04-02T08:00:06.309Z]    Progress: 6900/17722 — ok:6900 fail:0
[2026-04-02T08:00:20.805Z]    Progress: 7000/17722 — ok:7000 fail:0
[2026-04-02T08:00:32.012Z]    Progress: 7100/17722 — ok:7100 fail:0
[2026-04-02T08:00:43.530Z]    Progress: 7200/17722 — ok:7200 fail:0
[2026-04-02T08:00:55.025Z]    Progress: 7300/17722 — ok:7300 fail:0
[2026-04-02T08:01:06.566Z]    Progress: 7400/17722 — ok:7400 fail:0
[2026-04-02T08:01:20.111Z]    Progress: 7500/17722 — ok:7500 fail:0
[2026-04-02T08:01:33.910Z]    Progress: 7600/17722 — ok:7600 fail:0
[2026-04-02T08:01:45.613Z]    Progress: 7700/17722 — ok:7700 fail:0
[2026-04-02T08:01:56.946Z]    Progress: 7800/17722 — ok:7800 fail:0
[2026-04-02T08:02:08.575Z]    Progress: 7900/17722 — ok:7900 fail:0
[2026-04-02T08:02:23.039Z]    Progress: 8000/17722 — ok:8000 fail:0
[2026-04-02T08:02:34.764Z]    Progress: 8100/17722 — ok:8100 fail:0
[2026-04-02T08:02:46.667Z]    Progress: 8200/17722 — ok:8200 fail:0
[2026-04-02T08:02:58.574Z]    Progress: 8300/17722 — ok:8300 fail:0
[2026-04-02T08:03:10.465Z]    Progress: 8400/17722 — ok:8400 fail:0
[2026-04-02T08:03:22.711Z]    Progress: 8500/17722 — ok:8500 fail:0
[2026-04-02T08:03:33.727Z]    Progress: 8600/17722 — ok:8600 fail:0
[2026-04-02T08:03:45.069Z]    Progress: 8700/17722 — ok:8700 fail:0
[2026-04-02T08:03:57.120Z]    Progress: 8800/17722 — ok:8800 fail:0
[2026-04-02T08:04:10.296Z]    Progress: 8900/17722 — ok:8900 fail:0
[2026-04-02T08:04:24.740Z]    Progress: 9000/17722 — ok:9000 fail:0
[2026-04-02T08:04:39.008Z]    Progress: 9100/17722 — ok:9100 fail:0
[2026-04-02T08:04:52.424Z]    Progress: 9200/17722 — ok:9200 fail:0
[2026-04-02T08:05:05.522Z]    Progress: 9300/17722 — ok:9300 fail:0
[2026-04-02T08:05:19.351Z]    Progress: 9400/17722 — ok:9400 fail:0
[2026-04-02T08:05:31.672Z]    Progress: 9500/17722 — ok:9500 fail:0
[2026-04-02T08:05:44.337Z]    Progress: 9600/17722 — ok:9600 fail:0
[2026-04-02T08:05:56.241Z]    Progress: 9700/17722 — ok:9700 fail:0
[2026-04-02T08:06:09.140Z]    Progress: 9800/17722 — ok:9800 fail:0
[2026-04-02T08:06:26.367Z]    Progress: 9900/17722 — ok:9900 fail:0
[2026-04-02T08:06:42.110Z]    Progress: 10000/17722 — ok:10000 fail:0
[2026-04-02T08:06:54.171Z]    Progress: 10100/17722 — ok:10100 fail:0
[2026-04-02T08:07:04.943Z]    Progress: 10200/17722 — ok:10200 fail:0
[2026-04-02T08:07:16.666Z]    Progress: 10300/17722 — ok:10300 fail:0
[2026-04-02T08:07:28.219Z]    Progress: 10400/17722 — ok:10400 fail:0
[2026-04-02T08:07:39.102Z]    Progress: 10500/17722 — ok:10500 fail:0
[2026-04-02T08:07:50.107Z]    Progress: 10600/17722 — ok:10600 fail:0
[2026-04-02T08:08:01.241Z]    Progress: 10700/17722 — ok:10700 fail:0
[2026-04-02T08:08:12.206Z]    Progress: 10800/17722 — ok:10800 fail:0
[2026-04-02T08:08:25.534Z]    Progress: 10900/17722 — ok:10900 fail:0
[2026-04-02T08:08:36.321Z]    Progress: 11000/17722 — ok:11000 fail:0
[2026-04-02T08:08:46.850Z]    Progress: 11100/17722 — ok:11100 fail:0
[2026-04-02T08:08:57.907Z]    Progress: 11200/17722 — ok:11200 fail:0
[2026-04-02T08:09:08.599Z]    Progress: 11300/17722 — ok:11300 fail:0
[2026-04-02T08:09:20.089Z]    Progress: 11400/17722 — ok:11400 fail:0
[2026-04-02T08:09:31.379Z]    Progress: 11500/17722 — ok:11500 fail:0
[2026-04-02T08:09:42.180Z]    Progress: 11600/17722 — ok:11600 fail:0
[2026-04-02T08:09:52.809Z]    Progress: 11700/17722 — ok:11700 fail:0
[2026-04-02T08:10:03.794Z]    Progress: 11800/17722 — ok:11800 fail:0
[2026-04-02T08:10:14.723Z]    Progress: 11900/17722 — ok:11900 fail:0
[2026-04-02T08:10:30.018Z]    Progress: 12000/17722 — ok:12000 fail:0
[2026-04-02T08:10:45.816Z]    Progress: 12100/17722 — ok:12100 fail:0
[2026-04-02T08:10:59.196Z]    Progress: 12200/17722 — ok:12200 fail:0
[2026-04-02T08:11:12.887Z]    Progress: 12300/17722 — ok:12300 fail:0
[2026-04-02T08:11:26.308Z]    Progress: 12400/17722 — ok:12400 fail:0
[2026-04-02T08:11:39.390Z]    Progress: 12500/17722 — ok:12500 fail:0
[2026-04-02T08:11:52.662Z]    Progress: 12600/17722 — ok:12600 fail:0
[2026-04-02T08:12:06.098Z]    Progress: 12700/17722 — ok:12700 fail:0
[2026-04-02T08:12:19.708Z]    Progress: 12800/17722 — ok:12800 fail:0
[2026-04-02T08:12:35.614Z]    Progress: 12900/17722 — ok:12900 fail:0
[2026-04-02T08:12:52.000Z]    Progress: 13000/17722 — ok:13000 fail:0
[2026-04-02T08:13:03.468Z]    Progress: 13100/17722 — ok:13100 fail:0
[2026-04-02T08:13:17.850Z]    Progress: 13200/17722 — ok:13200 fail:0
[2026-04-02T08:13:30.129Z]    Progress: 13300/17722 — ok:13300 fail:0
[2026-04-02T08:13:44.920Z]    Progress: 13400/17722 — ok:13400 fail:0
[2026-04-02T08:13:56.191Z]    Progress: 13500/17722 — ok:13500 fail:0
[2026-04-02T08:14:08.753Z]    Progress: 13600/17722 — ok:13600 fail:0
[2026-04-02T08:14:22.462Z]    Progress: 13700/17722 — ok:13700 fail:0
[2026-04-02T08:14:38.961Z]    Progress: 13800/17722 — ok:13800 fail:0
[2026-04-02T08:14:55.213Z]    Progress: 13900/17722 — ok:13900 fail:0
[2026-04-02T08:15:09.848Z]    Progress: 14000/17722 — ok:14000 fail:0
[2026-04-02T08:15:25.870Z]    Progress: 14100/17722 — ok:14100 fail:0
[2026-04-02T08:15:41.096Z]    Progress: 14200/17722 — ok:14200 fail:0
[2026-04-02T08:15:52.738Z]    Progress: 14300/17722 — ok:14300 fail:0
[2026-04-02T08:16:08.084Z]    Progress: 14400/17722 — ok:14400 fail:0
[2026-04-02T08:16:20.477Z]    Progress: 14500/17722 — ok:14500 fail:0
[2026-04-02T08:16:32.223Z]    Progress: 14600/17722 — ok:14600 fail:0
[2026-04-02T08:16:44.273Z]    Progress: 14700/17722 — ok:14700 fail:0
[2026-04-02T08:17:00.381Z]    Progress: 14800/17722 — ok:14800 fail:0
[2026-04-02T08:17:17.717Z]    Progress: 14900/17722 — ok:14900 fail:0
[2026-04-02T08:17:31.888Z]    Progress: 15000/17722 — ok:15000 fail:0
[2026-04-02T08:17:46.993Z]    Progress: 15100/17722 — ok:15100 fail:0
[2026-04-02T08:17:58.118Z]    Progress: 15200/17722 — ok:15200 fail:0
[2026-04-02T08:18:09.219Z]    Progress: 15300/17722 — ok:15300 fail:0
[2026-04-02T08:18:23.888Z]    Progress: 15400/17722 — ok:15400 fail:0
[2026-04-02T08:18:35.100Z]    Progress: 15500/17722 — ok:15500 fail:0
[2026-04-02T08:18:46.825Z]    Progress: 15600/17722 — ok:15600 fail:0
[2026-04-02T08:18:57.860Z]    Progress: 15700/17722 — ok:15700 fail:0
[2026-04-02T08:19:13.204Z]    Progress: 15800/17722 — ok:15800 fail:0
[2026-04-02T08:19:25.659Z]    Progress: 15900/17722 — ok:15900 fail:0
[2026-04-02T08:19:37.162Z]    Progress: 16000/17722 — ok:16000 fail:0
[2026-04-02T08:19:49.833Z]    Progress: 16100/17722 — ok:16100 fail:0
[2026-04-02T08:20:01.369Z]    Progress: 16200/17722 — ok:16200 fail:0
[2026-04-02T08:20:12.487Z]    Progress: 16300/17722 — ok:16300 fail:0
[2026-04-02T08:20:27.110Z]    Progress: 16400/17722 — ok:16400 fail:0
[2026-04-02T08:20:40.450Z]    Progress: 16500/17722 — ok:16500 fail:0
[2026-04-02T08:20:53.236Z]    Progress: 16600/17722 — ok:16600 fail:0
[2026-04-02T08:21:06.227Z]    Progress: 16700/17722 — ok:16700 fail:0
[2026-04-02T08:21:20.717Z]    Progress: 16800/17722 — ok:16800 fail:0
[2026-04-02T08:21:34.018Z]    Progress: 16900/17722 — ok:16900 fail:0
[2026-04-02T08:21:47.121Z]    Progress: 17000/17722 — ok:17000 fail:0
[2026-04-02T08:22:02.167Z]    Progress: 17100/17722 — ok:17100 fail:0
[2026-04-02T08:22:17.394Z]    Progress: 17200/17722 — ok:17200 fail:0
[2026-04-02T08:22:29.405Z]    Progress: 17300/17722 — ok:17300 fail:0
[2026-04-02T08:22:43.633Z]    Progress: 17400/17722 — ok:17400 fail:0
[2026-04-02T08:22:55.773Z]    Progress: 17500/17722 — ok:17500 fail:0
[2026-04-02T08:23:07.697Z]    Progress: 17600/17722 — ok:17600 fail:0
[2026-04-02T08:23:26.196Z]    Progress: 17700/17722 — ok:17700 fail:0
[2026-04-02T08:23:29.124Z]    Progress: 17722/17722 — ok:17722 fail:0
[2026-04-02T08:23:29.125Z]    ✓ 17722 articles migrated, 0 failed
[2026-04-02T08:23:29.127Z] ── Tags... skipped (news_tags not in backup)
[2026-04-02T08:23:29.128Z] ── Article tags... skipped (news_contentitem_tag_map not in backup)
[2026-04-02T08:23:29.129Z] ── Redirects...
[2026-04-02T08:41:09.633Z]    ✓ 35444 redirects
[2026-04-02T08:41:09.635Z] ═══ MIGRATION COMPLETE ═══
